[32m[2017-05-27 17:59:19.764] [connector-server-2] [INFO] pomelo -[39m application inited: "connector-server-2"

[32m[2017-05-27 17:59:21.484] [connector-server-2] [INFO] pomelo -[39m "connector-server-2" enter after start...

[32m[2017-05-27 17:59:21.489] [connector-server-2] [INFO] pomelo -[39m "connector-server-2" finish start

[32m[2017-05-27 17:59:21.489] [connector-server-2] [INFO] pomelo -[39m "connector-server-2" startup in 254 ms

[36m[2017-05-27 17:59:21.584] [connector-server-2] [DEBUG] pomelo -[39m [connector-server-2] receive addServer signal: {"action":"addServer","server":{"main":"G:\\diuojiuPoker\\DejuPoker\\server\\app.js","env":"localhost","id":"connector-server-3","host":"127.0.0.1","port":6102,"clientHost":"127.0.0.1","clientPort":8003,"frontend":"true","serverType":"connector","pid":3488}}

[32m[2017-05-27 18:02:07.057] [connector-server-2] [INFO] pomelo -[39m application inited: "connector-server-2"

[32m[2017-05-27 18:02:09.381] [connector-server-2] [INFO] pomelo-admin -[39m try to connect master: "connector", "127.0.0.1", 6000

[32m[2017-05-27 18:02:09.412] [connector-server-2] [INFO] pomelo -[39m "connector-server-2" enter after start...

[32m[2017-05-27 18:02:09.417] [connector-server-2] [INFO] pomelo -[39m "connector-server-2" finish start

[32m[2017-05-27 18:02:09.417] [connector-server-2] [INFO] pomelo -[39m "connector-server-2" startup in 381 ms

[36m[2017-05-27 18:02:09.466] [connector-server-2] [DEBUG] pomelo -[39m [connector-server-2] receive addServer signal: {"action":"addServer","server":{"main":"G:\\diuojiuPoker\\DejuPoker\\server\\app.js","env":"localhost","id":"chat-server-1","host":"127.0.0.1","port":6200,"clientHost":"127.0.0.1","serverType":"chat","pid":4972}}

[36m[2017-05-27 18:02:09.671] [connector-server-2] [DEBUG] pomelo -[39m [connector-server-2] receive addServer signal: {"action":"addServer","server":{"main":"G:\\diuojiuPoker\\DejuPoker\\server\\app.js","env":"localhost","id":"gate-server-1","host":"127.0.0.1","port":6001,"clientHost":"127.0.0.1","clientPort":8000,"frontend":"true","serverType":"gate","pid":2500}}

[36m[2017-05-27 18:02:09.784] [connector-server-2] [DEBUG] pomelo -[39m [connector-server-2] receive addServer signal: {"action":"addServer","server":{"main":"G:\\diuojiuPoker\\DejuPoker\\server\\app.js","env":"localhost","id":"room-server-1","host":"127.0.0.1","port":6500,"clientHost":"127.0.0.1","serverType":"room","pid":4960}}

[36m[2017-05-27 18:02:09.806] [connector-server-2] [DEBUG] pomelo -[39m [connector-server-2] receive addServer signal: {"action":"addServer","server":{"main":"G:\\diuojiuPoker\\DejuPoker\\server\\app.js","env":"localhost","id":"connector-server-3","host":"127.0.0.1","port":6102,"clientHost":"127.0.0.1","clientPort":8003,"frontend":"true","serverType":"connector","pid":3392}}

[36m[2017-05-27 18:02:16.144] [connector-server-2] [DEBUG] pomelo -[39m [connector-server-2] getSession session is created with session id: 1

[36m[2017-05-27 18:02:16.153] [connector-server-2] [DEBUG] pomelo -[39m [connector-server-2] handleMessage session id: 1, msg: {"id":2,"type":0,"compressRoute":1,"route":"connector.handler.entry","body":{"udid":"12056bbc-60fc-432e-9047-7013b73e97ba"},"compressGzip":0}

[36m[2017-05-27 18:02:16.154] [connector-server-2] [DEBUG] pomelo -[39m {"route":"connector.handler.entry","serverType":"connector","handler":"handler","method":"entry"}

[36m[2017-05-27 18:02:16.156] [connector-server-2] [DEBUG] pomelo -[39m [connector-server-2] send message reqId: 2, route: connector.handler.entry, msg: {"code":200}, receivers: [1], opts: {"type":"response","userOptions":{},"isResponse":true}

[36m[2017-05-27 18:02:16.159] [connector-server-2] [DEBUG] pomelo -[39m [connector-server-2] handleMessage session id: 1, msg: {"id":3,"type":0,"compressRoute":1,"route":"auth.handler.guest","body":{"udid":"12056bbc-60fc-432e-9047-7013b73e97ba"},"compressGzip":0}

[36m[2017-05-27 18:02:16.159] [connector-server-2] [DEBUG] pomelo -[39m {"route":"auth.handler.guest","serverType":"auth","handler":"handler","method":"guest"}

[36m[2017-05-27 18:02:16.246] [connector-server-2] [DEBUG] pomelo -[39m session on [connector-server-2] bind with uid: 38

[36m[2017-05-27 18:02:16.248] [connector-server-2] [DEBUG] pomelo -[39m [connector-server-2] send message reqId: 3, route: auth.handler.guest, msg: {"code":200,"data":{"player":{"id":38,"name":"游客38","avatar":"http://h5.glfun.cn/users/6517282f-91cb-44fb-95d7-99c2644821da/avatar","gender":0,"data":{"playTimes":64,"winTimes":38,"fightTimes":84,"godTimes":5,"ghostTimes":0,"logs":[202,201,200,199,198,197,196,195,194,193,192,191,190,189,188,187,186,185,183]}}}}, receivers: [1], opts: {"type":"response","userOptions":{},"isResponse":true}

[36m[2017-05-27 18:02:16.250] [connector-server-2] [DEBUG] pomelo -[39m [connector-server-2] handleMessage session id: 1, msg: {"id":4,"type":0,"compressRoute":1,"route":"lobby.handler.enter","body":{"udid":"12056bbc-60fc-432e-9047-7013b73e97ba"},"compressGzip":0}

[36m[2017-05-27 18:02:16.251] [connector-server-2] [DEBUG] pomelo -[39m {"route":"lobby.handler.enter","serverType":"lobby","handler":"handler","method":"enter"}

[36m[2017-05-27 18:02:16.342] [connector-server-2] [DEBUG] pomelo -[39m [connector-server-2] send message reqId: 4, route: lobby.handler.enter, msg: {"code":200,"data":{"player":{"id":38,"name":"游客38","avatar":"http://h5.glfun.cn/users/6517282f-91cb-44fb-95d7-99c2644821da/avatar","gender":0,"data":{"playTimes":64,"winTimes":38,"fightTimes":84,"godTimes":5,"ghostTimes":0,"logs":[202,201,200,199,198,197,196,195,194,193,192,191,190,189,188,187,186,185,183]}},"roomID":null}}, receivers: [1], opts: {"type":"response","userOptions":{},"isResponse":true}

[36m[2017-05-27 18:02:17.964] [connector-server-2] [DEBUG] pomelo -[39m [connector-server-2] handleMessage session id: 1, msg: {"id":5,"type":0,"compressRoute":1,"route":"lobby.handler.get_user_tokens","body":{"udid":"12056bbc-60fc-432e-9047-7013b73e97ba"},"compressGzip":0}

[36m[2017-05-27 18:02:17.965] [connector-server-2] [DEBUG] pomelo -[39m {"route":"lobby.handler.get_user_tokens","serverType":"lobby","handler":"handler","method":"get_user_tokens"}

[36m[2017-05-27 18:02:17.965] [connector-server-2] [DEBUG] pomelo -[39m [connector-server-2] handleMessage session id: 1, msg: {"id":6,"type":0,"compressRoute":1,"route":"lobby.handler.get_bulletins","body":{"fn":"","data":{},"udid":"12056bbc-60fc-432e-9047-7013b73e97ba"},"compressGzip":0}

[36m[2017-05-27 18:02:17.966] [connector-server-2] [DEBUG] pomelo -[39m {"route":"lobby.handler.get_bulletins","serverType":"lobby","handler":"handler","method":"get_bulletins"}

[36m[2017-05-27 18:02:17.972] [connector-server-2] [DEBUG] pomelo -[39m [connector-server-2] handleMessage session id: 1, msg: {"id":7,"type":0,"compressRoute":1,"route":"lobby.handler.get_user_tokens","body":{"udid":"12056bbc-60fc-432e-9047-7013b73e97ba"},"compressGzip":0}

[36m[2017-05-27 18:02:17.972] [connector-server-2] [DEBUG] pomelo -[39m {"route":"lobby.handler.get_user_tokens","serverType":"lobby","handler":"handler","method":"get_user_tokens"}

[36m[2017-05-27 18:02:17.976] [connector-server-2] [DEBUG] pomelo -[39m [connector-server-2] handleMessage session id: 1, msg: {"id":8,"type":0,"compressRoute":1,"route":"lobby.handler.get_bulletins","body":{"fn":"","data":{},"udid":"12056bbc-60fc-432e-9047-7013b73e97ba"},"compressGzip":0}

[36m[2017-05-27 18:02:17.976] [connector-server-2] [DEBUG] pomelo -[39m {"route":"lobby.handler.get_bulletins","serverType":"lobby","handler":"handler","method":"get_bulletins"}

[36m[2017-05-27 18:02:17.981] [connector-server-2] [DEBUG] pomelo -[39m [connector-server-2] send message reqId: 5, route: lobby.handler.get_user_tokens, msg: {"code":200,"data":40}, receivers: [1], opts: {"type":"response","userOptions":{},"isResponse":true}

[36m[2017-05-27 18:02:17.989] [connector-server-2] [DEBUG] pomelo -[39m [connector-server-2] send message reqId: 6, route: lobby.handler.get_bulletins, msg: {"code":200,"data":[{"id":7,"title":"asf","summary":"af","content":"sad","startTime":"2017-05-26T12:28:12.000Z","endTime":"2017-05-31T14:28:12.000Z","priority":"0"}]}, receivers: [1], opts: {"type":"response","userOptions":{},"isResponse":true}

[36m[2017-05-27 18:02:17.992] [connector-server-2] [DEBUG] pomelo -[39m [connector-server-2] send message reqId: 7, route: lobby.handler.get_user_tokens, msg: {"code":200,"data":40}, receivers: [1], opts: {"type":"response","userOptions":{},"isResponse":true}

[36m[2017-05-27 18:02:17.995] [connector-server-2] [DEBUG] pomelo -[39m [connector-server-2] send message reqId: 8, route: lobby.handler.get_bulletins, msg: {"code":200,"data":[{"id":7,"title":"asf","summary":"af","content":"sad","startTime":"2017-05-26T12:28:12.000Z","endTime":"2017-05-31T14:28:12.000Z","priority":"0"}]}, receivers: [1], opts: {"type":"response","userOptions":{},"isResponse":true}

[36m[2017-05-27 18:03:12.783] [connector-server-2] [DEBUG] pomelo -[39m session on [connector-server-2] is closed with session id: 1 reason: 1006

[36m[2017-05-27 18:03:15.873] [connector-server-2] [DEBUG] pomelo -[39m [connector-server-2] getSession session is created with session id: 2

[36m[2017-05-27 18:03:15.878] [connector-server-2] [DEBUG] pomelo -[39m [connector-server-2] handleMessage session id: 2, msg: {"id":2,"type":0,"compressRoute":1,"route":"connector.handler.entry","body":{"udid":"12056bbc-60fc-432e-9047-7013b73e97ba"},"compressGzip":0}

[36m[2017-05-27 18:03:15.878] [connector-server-2] [DEBUG] pomelo -[39m {"route":"connector.handler.entry","serverType":"connector","handler":"handler","method":"entry"}

[36m[2017-05-27 18:03:15.878] [connector-server-2] [DEBUG] pomelo -[39m [connector-server-2] send message reqId: 2, route: connector.handler.entry, msg: {"code":200}, receivers: [2], opts: {"type":"response","userOptions":{},"isResponse":true}

[36m[2017-05-27 18:03:15.882] [connector-server-2] [DEBUG] pomelo -[39m [connector-server-2] handleMessage session id: 2, msg: {"id":3,"type":0,"compressRoute":1,"route":"auth.handler.guest","body":{"udid":"12056bbc-60fc-432e-9047-7013b73e97ba"},"compressGzip":0}

[36m[2017-05-27 18:03:15.883] [connector-server-2] [DEBUG] pomelo -[39m {"route":"auth.handler.guest","serverType":"auth","handler":"handler","method":"guest"}

[36m[2017-05-27 18:03:15.894] [connector-server-2] [DEBUG] pomelo -[39m session on [connector-server-2] bind with uid: 38

[36m[2017-05-27 18:03:15.895] [connector-server-2] [DEBUG] pomelo -[39m [connector-server-2] send message reqId: 3, route: auth.handler.guest, msg: {"code":200,"data":{"player":{"id":38,"name":"游客38","avatar":"http://h5.glfun.cn/users/6517282f-91cb-44fb-95d7-99c2644821da/avatar","gender":0,"data":{"playTimes":64,"winTimes":38,"fightTimes":84,"godTimes":5,"ghostTimes":0,"logs":[202,201,200,199,198,197,196,195,194,193,192,191,190,189,188,187,186,185,183]}}}}, receivers: [2], opts: {"type":"response","userOptions":{},"isResponse":true}

[36m[2017-05-27 18:03:15.898] [connector-server-2] [DEBUG] pomelo -[39m [connector-server-2] handleMessage session id: 2, msg: {"id":4,"type":0,"compressRoute":1,"route":"lobby.handler.enter","body":{"udid":"12056bbc-60fc-432e-9047-7013b73e97ba"},"compressGzip":0}

[36m[2017-05-27 18:03:15.898] [connector-server-2] [DEBUG] pomelo -[39m {"route":"lobby.handler.enter","serverType":"lobby","handler":"handler","method":"enter"}

[36m[2017-05-27 18:03:15.903] [connector-server-2] [DEBUG] pomelo -[39m [connector-server-2] send message reqId: 4, route: lobby.handler.enter, msg: {"code":200,"data":{"player":{"id":38,"name":"游客38","avatar":"http://h5.glfun.cn/users/6517282f-91cb-44fb-95d7-99c2644821da/avatar","gender":0,"data":{"playTimes":64,"winTimes":38,"fightTimes":84,"godTimes":5,"ghostTimes":0,"logs":[202,201,200,199,198,197,196,195,194,193,192,191,190,189,188,187,186,185,183]}},"roomID":null}}, receivers: [2], opts: {"type":"response","userOptions":{},"isResponse":true}

[36m[2017-05-27 18:03:17.532] [connector-server-2] [DEBUG] pomelo -[39m [connector-server-2] handleMessage session id: 2, msg: {"id":5,"type":0,"compressRoute":1,"route":"lobby.handler.get_user_tokens","body":{"udid":"12056bbc-60fc-432e-9047-7013b73e97ba"},"compressGzip":0}

[36m[2017-05-27 18:03:17.532] [connector-server-2] [DEBUG] pomelo -[39m {"route":"lobby.handler.get_user_tokens","serverType":"lobby","handler":"handler","method":"get_user_tokens"}

[36m[2017-05-27 18:03:17.533] [connector-server-2] [DEBUG] pomelo -[39m [connector-server-2] handleMessage session id: 2, msg: {"id":6,"type":0,"compressRoute":1,"route":"lobby.handler.get_bulletins","body":{"fn":"","data":{},"udid":"12056bbc-60fc-432e-9047-7013b73e97ba"},"compressGzip":0}

[36m[2017-05-27 18:03:17.533] [connector-server-2] [DEBUG] pomelo -[39m {"route":"lobby.handler.get_bulletins","serverType":"lobby","handler":"handler","method":"get_bulletins"}

[36m[2017-05-27 18:03:17.539] [connector-server-2] [DEBUG] pomelo -[39m [connector-server-2] handleMessage session id: 2, msg: {"id":7,"type":0,"compressRoute":1,"route":"lobby.handler.get_user_tokens","body":{"udid":"12056bbc-60fc-432e-9047-7013b73e97ba"},"compressGzip":0}

[36m[2017-05-27 18:03:17.539] [connector-server-2] [DEBUG] pomelo -[39m {"route":"lobby.handler.get_user_tokens","serverType":"lobby","handler":"handler","method":"get_user_tokens"}

[36m[2017-05-27 18:03:17.542] [connector-server-2] [DEBUG] pomelo -[39m [connector-server-2] handleMessage session id: 2, msg: {"id":8,"type":0,"compressRoute":1,"route":"lobby.handler.get_bulletins","body":{"fn":"","data":{},"udid":"12056bbc-60fc-432e-9047-7013b73e97ba"},"compressGzip":0}

[36m[2017-05-27 18:03:17.542] [connector-server-2] [DEBUG] pomelo -[39m {"route":"lobby.handler.get_bulletins","serverType":"lobby","handler":"handler","method":"get_bulletins"}

[36m[2017-05-27 18:03:17.552] [connector-server-2] [DEBUG] pomelo -[39m [connector-server-2] send message reqId: 5, route: lobby.handler.get_user_tokens, msg: {"code":200,"data":40}, receivers: [2], opts: {"type":"response","userOptions":{},"isResponse":true}

[36m[2017-05-27 18:03:17.556] [connector-server-2] [DEBUG] pomelo -[39m [connector-server-2] send message reqId: 7, route: lobby.handler.get_user_tokens, msg: {"code":200,"data":40}, receivers: [2], opts: {"type":"response","userOptions":{},"isResponse":true}

[36m[2017-05-27 18:03:17.556] [connector-server-2] [DEBUG] pomelo -[39m [connector-server-2] send message reqId: 6, route: lobby.handler.get_bulletins, msg: {"code":200,"data":[{"id":7,"title":"asf","summary":"af","content":"sad","startTime":"2017-05-26T12:28:12.000Z","endTime":"2017-05-31T14:28:12.000Z","priority":"0"}]}, receivers: [2], opts: {"type":"response","userOptions":{},"isResponse":true}

[36m[2017-05-27 18:03:17.557] [connector-server-2] [DEBUG] pomelo -[39m [connector-server-2] send message reqId: 8, route: lobby.handler.get_bulletins, msg: {"code":200,"data":[{"id":7,"title":"asf","summary":"af","content":"sad","startTime":"2017-05-26T12:28:12.000Z","endTime":"2017-05-31T14:28:12.000Z","priority":"0"}]}, receivers: [2], opts: {"type":"response","userOptions":{},"isResponse":true}

[36m[2017-05-27 18:03:42.514] [connector-server-2] [DEBUG] pomelo -[39m session on [connector-server-2] is closed with session id: 2 reason: 1006

[36m[2017-05-27 18:10:07.710] [connector-server-2] [DEBUG] pomelo -[39m [connector-server-2] getSession session is created with session id: 3

[36m[2017-05-27 18:10:07.712] [connector-server-2] [DEBUG] pomelo -[39m [connector-server-2] handleMessage session id: 3, msg: {"id":2,"type":0,"compressRoute":1,"route":"connector.handler.entry","body":{"udid":"12056bbc-60fc-432e-9047-7013b73e97ba"},"compressGzip":0}

[36m[2017-05-27 18:10:07.712] [connector-server-2] [DEBUG] pomelo -[39m {"route":"connector.handler.entry","serverType":"connector","handler":"handler","method":"entry"}

[36m[2017-05-27 18:10:07.712] [connector-server-2] [DEBUG] pomelo -[39m [connector-server-2] send message reqId: 2, route: connector.handler.entry, msg: {"code":200}, receivers: [3], opts: {"type":"response","userOptions":{},"isResponse":true}

[36m[2017-05-27 18:10:07.714] [connector-server-2] [DEBUG] pomelo -[39m [connector-server-2] handleMessage session id: 3, msg: {"id":3,"type":0,"compressRoute":1,"route":"auth.handler.guest","body":{"udid":"12056bbc-60fc-432e-9047-7013b73e97ba"},"compressGzip":0}

[36m[2017-05-27 18:10:07.714] [connector-server-2] [DEBUG] pomelo -[39m {"route":"auth.handler.guest","serverType":"auth","handler":"handler","method":"guest"}

[36m[2017-05-27 18:10:07.723] [connector-server-2] [DEBUG] pomelo -[39m session on [connector-server-2] bind with uid: 38

[36m[2017-05-27 18:10:07.724] [connector-server-2] [DEBUG] pomelo -[39m [connector-server-2] send message reqId: 3, route: auth.handler.guest, msg: {"code":200,"data":{"player":{"id":38,"name":"游客38","avatar":"http://h5.glfun.cn/users/6517282f-91cb-44fb-95d7-99c2644821da/avatar","gender":0,"data":{"playTimes":64,"winTimes":38,"fightTimes":84,"godTimes":5,"ghostTimes":0,"logs":[202,201,200,199,198,197,196,195,194,193,192,191,190,189,188,187,186,185,183]}}}}, receivers: [3], opts: {"type":"response","userOptions":{},"isResponse":true}

[36m[2017-05-27 18:10:07.727] [connector-server-2] [DEBUG] pomelo -[39m [connector-server-2] handleMessage session id: 3, msg: {"id":4,"type":0,"compressRoute":1,"route":"lobby.handler.enter","body":{"udid":"12056bbc-60fc-432e-9047-7013b73e97ba"},"compressGzip":0}

[36m[2017-05-27 18:10:07.728] [connector-server-2] [DEBUG] pomelo -[39m {"route":"lobby.handler.enter","serverType":"lobby","handler":"handler","method":"enter"}

[36m[2017-05-27 18:10:07.731] [connector-server-2] [DEBUG] pomelo -[39m [connector-server-2] send message reqId: 4, route: lobby.handler.enter, msg: {"code":200,"data":{"player":{"id":38,"name":"游客38","avatar":"http://h5.glfun.cn/users/6517282f-91cb-44fb-95d7-99c2644821da/avatar","gender":0,"data":{"playTimes":64,"winTimes":38,"fightTimes":84,"godTimes":5,"ghostTimes":0,"logs":[202,201,200,199,198,197,196,195,194,193,192,191,190,189,188,187,186,185,183]}},"roomID":null}}, receivers: [3], opts: {"type":"response","userOptions":{},"isResponse":true}

[36m[2017-05-27 18:10:09.339] [connector-server-2] [DEBUG] pomelo -[39m [connector-server-2] handleMessage session id: 3, msg: {"id":5,"type":0,"compressRoute":1,"route":"lobby.handler.get_user_tokens","body":{"udid":"12056bbc-60fc-432e-9047-7013b73e97ba"},"compressGzip":0}

[36m[2017-05-27 18:10:09.340] [connector-server-2] [DEBUG] pomelo -[39m {"route":"lobby.handler.get_user_tokens","serverType":"lobby","handler":"handler","method":"get_user_tokens"}

[36m[2017-05-27 18:10:09.341] [connector-server-2] [DEBUG] pomelo -[39m [connector-server-2] handleMessage session id: 3, msg: {"id":6,"type":0,"compressRoute":1,"route":"lobby.handler.get_bulletins","body":{"fn":"","data":{},"udid":"12056bbc-60fc-432e-9047-7013b73e97ba"},"compressGzip":0}

[36m[2017-05-27 18:10:09.341] [connector-server-2] [DEBUG] pomelo -[39m {"route":"lobby.handler.get_bulletins","serverType":"lobby","handler":"handler","method":"get_bulletins"}

[36m[2017-05-27 18:10:09.341] [connector-server-2] [DEBUG] pomelo -[39m [connector-server-2] handleMessage session id: 3, msg: {"id":7,"type":0,"compressRoute":1,"route":"lobby.handler.get_user_tokens","body":{"udid":"12056bbc-60fc-432e-9047-7013b73e97ba"},"compressGzip":0}

[36m[2017-05-27 18:10:09.341] [connector-server-2] [DEBUG] pomelo -[39m {"route":"lobby.handler.get_user_tokens","serverType":"lobby","handler":"handler","method":"get_user_tokens"}

[36m[2017-05-27 18:10:09.342] [connector-server-2] [DEBUG] pomelo -[39m [connector-server-2] handleMessage session id: 3, msg: {"id":8,"type":0,"compressRoute":1,"route":"lobby.handler.get_bulletins","body":{"fn":"","data":{},"udid":"12056bbc-60fc-432e-9047-7013b73e97ba"},"compressGzip":0}

[36m[2017-05-27 18:10:09.343] [connector-server-2] [DEBUG] pomelo -[39m {"route":"lobby.handler.get_bulletins","serverType":"lobby","handler":"handler","method":"get_bulletins"}

[36m[2017-05-27 18:10:09.354] [connector-server-2] [DEBUG] pomelo -[39m [connector-server-2] send message reqId: 5, route: lobby.handler.get_user_tokens, msg: {"code":200,"data":40}, receivers: [3], opts: {"type":"response","userOptions":{},"isResponse":true}

[36m[2017-05-27 18:10:09.356] [connector-server-2] [DEBUG] pomelo -[39m [connector-server-2] send message reqId: 6, route: lobby.handler.get_bulletins, msg: {"code":200,"data":[{"id":7,"title":"asf","summary":"af","content":"sad","startTime":"2017-05-26T12:28:12.000Z","endTime":"2017-05-31T14:28:12.000Z","priority":"0"}]}, receivers: [3], opts: {"type":"response","userOptions":{},"isResponse":true}

[36m[2017-05-27 18:10:09.356] [connector-server-2] [DEBUG] pomelo -[39m [connector-server-2] send message reqId: 8, route: lobby.handler.get_bulletins, msg: {"code":200,"data":[{"id":7,"title":"asf","summary":"af","content":"sad","startTime":"2017-05-26T12:28:12.000Z","endTime":"2017-05-31T14:28:12.000Z","priority":"0"}]}, receivers: [3], opts: {"type":"response","userOptions":{},"isResponse":true}

[36m[2017-05-27 18:10:09.357] [connector-server-2] [DEBUG] pomelo -[39m [connector-server-2] send message reqId: 7, route: lobby.handler.get_user_tokens, msg: {"code":200,"data":40}, receivers: [3], opts: {"type":"response","userOptions":{},"isResponse":true}

[36m[2017-05-27 18:11:43.385] [connector-server-2] [DEBUG] pomelo -[39m session on [connector-server-2] is closed with session id: 3 reason: 1006

[31m[2017-05-27 18:17:38.111] [connector-server-2] [ERROR] pomelo-admin -[39m mqtt socket is error, remote server host: 127.0.0.1, port: 6000

[31m[2017-05-27 18:17:38.112] [connector-server-2] [ERROR] pomelo-admin -[39m mqtt socket is close, remote server host: 127.0.0.1, port: 6000

